[16:33:22] [ServerMain/ERROR]: Failed to load properties from file: server.properties
java.nio.file.NoSuchFileException: server.properties
	at java.base/sun.nio.fs.WindowsException.translateToIOException(WindowsException.java:85) ~[?:?]
	at java.base/sun.nio.fs.WindowsException.rethrowAsIOException(WindowsException.java:103) ~[?:?]
	at java.base/sun.nio.fs.WindowsException.rethrowAsIOException(WindowsException.java:108) ~[?:?]
	at java.base/sun.nio.fs.WindowsFileSystemProvider.newByteChannel(WindowsFileSystemProvider.java:234) ~[?:?]
	at java.base/java.nio.file.Files.newByteChannel(Files.java:379) ~[?:?]
	at java.base/java.nio.file.Files.newByteChannel(Files.java:431) ~[?:?]
	at java.base/java.nio.file.spi.FileSystemProvider.newInputStream(FileSystemProvider.java:420) ~[?:?]
	at java.base/java.nio.file.Files.newInputStream(Files.java:159) ~[?:?]
	at aqv.b(SourceFile:62) ~[server-1.21.5.jar:?]
	at aqs.a(SourceFile:141) ~[server-1.21.5.jar:?]
	at aqt.<init>(SourceFile:12) ~[server-1.21.5.jar:?]
	at net.minecraft.server.Main.main(SourceFile:116) ~[server-1.21.5.jar:?]
	at net.minecraft.bundler.Main.lambda$run$0(Main.java:54) ~[?:?]
	at java.base/java.lang.Thread.run(Thread.java:1583) [?:?]
[16:33:22] [ServerMain/INFO]: Environment: Environment[sessionHost=https://sessionserver.mojang.com, servicesHost=https://api.minecraftservices.com, name=PROD]
[16:33:23] [ServerMain/INFO]: No existing world data, creating new world
[16:33:23] [ServerMain/INFO]: Loaded 1373 recipes
[16:33:23] [ServerMain/INFO]: Loaded 1484 advancements
[16:33:23] [Server thread/INFO]: Starting minecraft server version 1.21.5
[16:33:23] [Server thread/INFO]: Loading properties
[16:33:23] [Server thread/INFO]: Default game type: SURVIVAL
[16:33:23] [Server thread/INFO]: Generating keypair
[16:33:23] [Server thread/INFO]: Starting Minecraft server on *:25565
[16:33:23] [Server thread/INFO]: Using default channel type
[16:33:23] [Server thread/INFO]: Preparing level "world"
[16:33:26] [Server thread/INFO]: Preparing start region for dimension minecraft:overworld
[16:33:26] [Worker-Main-9/INFO]: Preparing spawn area: 2%
[16:33:27] [Worker-Main-11/INFO]: Preparing spawn area: 2%
[16:33:27] [Worker-Main-12/INFO]: Preparing spawn area: 18%
[16:33:28] [Worker-Main-7/INFO]: Preparing spawn area: 18%
[16:33:28] [Worker-Main-15/INFO]: Preparing spawn area: 51%
[16:33:29] [Server thread/INFO]: Time elapsed: 2400 ms
[16:33:29] [Server thread/INFO]: Done (5.383s)! For help, type "help"
[16:34:29] [Server thread/INFO]: Server empty for 60 seconds, pausing
[16:41:28] [Server thread/INFO]: Made DerMax7731 a server operator
